

<!DOCTYPE html>
<html>
<head>
<meta charset="UTF-8">
<meta name="viewport" content="width=device-width, initial-scale=1, shrink-to-fit=no">
<title>Extent</title>
<link rel="apple-touch-icon" href="https://cdn.jsdelivr.net/gh/extent-framework/extent-github-cdn@b00a2d0486596e73dd7326beacf352c639623a0e/commons/img/logo.png">
<link rel="shortcut icon" href="https://cdn.jsdelivr.net/gh/extent-framework/extent-github-cdn@b00a2d0486596e73dd7326beacf352c639623a0e/commons/img/logo.png">
<link href="https://cdn.jsdelivr.net/gh/extent-framework/extent-github-cdn@d6562a79075e061305ccfdb82f01e5e195e2d307/spark/css/spark-style.css" rel="stylesheet" />
<link href="https://stackpath.bootstrapcdn.com/font-awesome/4.7.0/css/font-awesome.min.css" rel="stylesheet">
<script src="https://cdn.jsdelivr.net/gh/extent-framework/extent-github-cdn@7cc78ce/spark/js/jsontree.js"></script>
<style type="text/css"></style></head><body class="spa bdd-report dark">
  <div class="app">
    <div class="layout">
<div class="header navbar">
<div class="vheader">
<div class="nav-logo">
<a href="#">
<div class="logo" style="background-image: url('https://cdn.jsdelivr.net/gh/extent-framework/extent-github-cdn@b00a2d0486596e73dd7326beacf352c639623a0e/commons/img/logo.png')"></div>
</a>
</div>
<ul class="nav-left">
<li class="search-box">
<a class="search-toggle" href="#">
<i class="search-icon fa fa-search"></i>
<i class="search-icon-close fa fa-close"></i>
</a>
</li>
<li class="search-input"><input id="search-tests" class="form-control" type="text" placeholder="Search..."></li>
</ul>
<ul class="nav-right">
<li class="m-r-10">
<a href="#"><span class="badge badge-primary">Grasshopper Report</span></a>
</li>
<li class="m-r-10">
<a href="#"><span class="badge badge-primary">May 29, 2023 08:10:12 am</span></a>
</li>
</ul>
</div>
</div><div class="side-nav">
<div class="side-nav-inner">
<ul class="side-nav-menu">
<li class="nav-item dropdown" onclick="toggleView('dashboard-view')">
<a id="nav-dashboard" class="dropdown-toggle" href="#">
<span class="ico"><i class="fa fa-bar-chart"></i></span>
</a>
</li>
<li class="nav-item dropdown" onclick="toggleView('test-view')">
<a id="nav-test" class="dropdown-toggle" href="#">
<span class="ico"><i class="fa fa-list"></i></span>
</a>
</li>
<li class="nav-item dropdown" onclick="toggleView('exception-view')">
<a id="nav-exception" class="dropdown-toggle" href="#">
<span class="ico"><i class="fa fa-bug"></i></span>
</a>
</li>
</ul>
</div>
</div>      <div class="vcontainer">
        <div class="main-content">
<div class="container-fluid p-4 view dashboard-view">
<div class="row">
<div class="col-md-3">
<div class="card"><div class="card-body">
<p class="m-b-0">Started</p>
<h3>May 29, 2023 08:10:12 am</h3>
</div></div>
</div>
<div class="col-md-3">
<div class="card"><div class="card-body">
<p class="m-b-0">Ended</p>
<h3>May 29, 2023 08:11:40 am</h3>
</div></div>
</div>
<div class="col-md-3">
<div class="card"><div class="card-body">
<p class="m-b-0 text-pass">Features Passed</p>
<h3>0</h3>
</div></div>
</div>
<div class="col-md-3">
<div class="card"><div class="card-body">
<p class="m-b-0 text-fail">Features Failed</p>
<h3>3</h3>
</div></div>
</div>
</div>
<div class="row">
<div class="col-md-4">
<div class="card">
<div class="card-header">
<h6 class="card-title">Features</h6>
</div>
<div class="card-body">
<div class="">
<canvas id='parent-analysis' width='115' height='90'></canvas>
</div>
</div>
<div class="card-footer">
<div><small data-tooltip='0%'>
<b>0</b> features passed
</small>
</div>
<div>
<small data-tooltip='100%'><b>3</b> features failed,
<b>0</b> skipped, <b data-tooltip='0%'>0</b> others
</small>
</div>
</div>
</div>
</div>
<div class="col-md-4">
<div class="card">
<div class="card-header">
<h6 class="card-title">Scenarios</h6>
</div>
<div class="card-body">
<div class="">
<canvas id='child-analysis' width='115' height='90'></canvas>
</div>
</div>
<div class="card-footer">
<div><small data-tooltip='66%'><b>6</b> scenarios passed</small></div>
<div>
<small data-tooltip='33%'><b>3</b> scenarios failed,
<b>0</b> skipped, <b data-tooltip='%'>0</b> others
</small>
</div>
</div>
</div>
</div>
<div class="col-md-4">
<div class="card">
<div class="card-header">
<h6 class="card-title">Steps</h6>
</div>
<div class="card-body">
<div class="">
<canvas id='grandchild-analysis' width='115' height='90'></canvas>
</div>
</div>
<div class="card-footer">
<div><small data-tooltip='68%'><b>32</b> steps passed</small></div>
<div>
<small data-tooltip='6%'><b>3</b> steps failed,
<b>12</b> skipped, <b data-tooltip='%'>0</b> others
</small>
</div>
</div>
</div>
</div>
</div>
<div class="row"><div class="col-md-12">
<div class="card"><div class="card-header"><p>Timeline</p></div>
<div class="card-body pt-0"><div>
<canvas id="timeline" height="120"></canvas>
</div></div>
</div>
</div></div>
<script>
var timeline = {
"Login/signup Page Feature":70.821,"Registration page":34.929,"Home page":88.153
};
</script>
<div class="row">
<div class="col-lg-6 col-md-12 sysenv-container">
<div class="card">
<div class="card-header"><p>System/Environment</p></div>
<div class="card-body pb-0 pt-0"><table class="table table-sm table-bordered">
<thead><tr class="bg-gray"><th>Name</th><th>Value</th></tr></thead>
<tbody>
<tr>
<td>AppName</td>
<td>cucumberTraingSessio202305</td>
</tr>
<tr>
<td>user</td>
<td>Anokar</td>
</tr>
<tr>
<td>build</td>
<td>1.5</td>
</tr>
<tr>
<td>os</td>
<td>Windows11</td>
</tr>
</tbody>
</table></div>
</div>
</div>
</div>
</div>
<script>
var statusGroup = {
parentCount: 5,
passParent: 0,
failParent: 3,
warningParent: 0,
skipParent: 0,
childCount: 5,
passChild: 6,
failChild: 3,
warningChild: 0,
skipChild: 0,
infoChild: 0,
grandChildCount: 5,
passGrandChild: 32,
failGrandChild: 3,
warningGrandChild: 0,
skipGrandChild: 12,
infoGrandChild: 0,
eventsCount: 5,
};
</script><div class="test-wrapper row view test-view">
  <div class="test-list">
    <div class="test-list-tools">
<ul class="tools pull-left">
<li><a href="#"><span class="font-size-14">Tests</span></a></li>
</ul>
<ul class="tools text-right">
<li class="dropdown">
<a href="#" class="dropdown-toggle" data-toggle="dropdown"><i class="fa fa-exclamation-circle"></i></a>
<ul id="status-toggle" class="dropdown-menu dropdown-md p-v-0">
<a class="dropdown-item" status="fail" href="#"><span>Fail</span><span class="status danger"></span></a>
<div class="dropdown-divider"></div>
<a status="clear" class="dropdown-item" href="#"><span>Clear</span><span class="pull-right"><i class="fa fa-close"></i></span></a>
</ul>
</li>
</ul>
</div>    <div class="test-list-wrapper scrollable">
      <ul class="test-list-item">
        <li class="test-item"  status="fail" test-id="1"
          author=""
          tag=""
          device="">
          <div class="test-detail">
            <p class="name">Login/signup Page Feature</p>
            <p class="text-sm">
              <span>8:10:12 am</span> / <span>00:01:10:821</span>
              <span class="badge fail-bg log float-right">Fail</span>
            </p>
          </div>
          <div class="test-contents d-none">
<div class="detail-head">
<div class="p-v-10">
<div class="info">
<h5 class="test-status text-fail">Login/signup Page Feature</h5>
<span class='badge badge-success'>05.29.2023 8:10:12 am</span>
<span class='badge badge-danger'>05.29.2023 8:11:23 am</span>
<span class='badge badge-default'>00:01:10:821</span>
&middot; <span class='uri-anchor badge badge-default'>#test-id=1</span>
<span class='badge badge-default pointer float-right ml-1 et'><i class="fa fa-chevron-down"></i></span>
<span class='badge badge-default pointer float-right ct'><i class="fa fa-chevron-up"></i></span>
</div>
<div class="m-t-10 m-l-5"></div>
</div>
</div>
<div class="accordion mt-4">
  <div class="card">
    <div class="card-header" role="tab">
      <div class="card-title">
        <div class="node" id="2"><span class="badge log pass-bg mr-2">Pass</span>Login Feature with correct credentials</div>
      </div>
    </div>
        <div class="collapse">
          <div class="card-body">
              <div class="step pass-bg" title="stepDef.HomePageSteps.navigate_to_url()">
                <span>Given Navigate to url</span>
      <div>
      </div>
              </div>
              <div class="step pass-bg" title="stepDef.HomePageSteps.user_click_on_signup_or_login_button()">
                <span>And User click on Signup or Login button</span>
      <div>
      </div>
              </div>
              <div class="step pass-bg" title="stepDef.SignupOrSignInPageSteps.user_enters_email_and_password_and_clicks_on_login_button(io.cucumber.datatable.DataTable)">
                <span>When user enters Email and Password and Clicks on Login button</span>
      <div><table class='markup-table table '><tr><td>Email</td><td>Password</td></tr><tr><td>anokarao@gmail.com</td><td>test123</td></tr></table>
      </div>
      <div>
      </div>
              </div>
              <div class="step pass-bg" title="stepDef.SignupOrSignInPageSteps.screen_should_show(java.lang.String)">
                <span>Then screen should show "Logged in as Anokar"</span>
      <div>
      </div>
              </div>
          </div>
        </div>
  </div>
  <div class="card">
    <div class="card-header" role="tab">
      <div class="card-title">
        <div class="node" id="25"><span class="badge log pass-bg mr-2">Pass</span>Login Feature with incorrect credentials</div>
      </div>
    </div>
        <div class="collapse">
          <div class="card-body">
              <div class="step pass-bg" title="stepDef.HomePageSteps.navigate_to_url()">
                <span>Given Navigate to url</span>
      <div>
      </div>
              </div>
              <div class="step pass-bg" title="stepDef.HomePageSteps.user_click_on_signup_or_login_button()">
                <span>And User click on Signup or Login button</span>
      <div>
      </div>
              </div>
              <div class="step pass-bg" title="stepDef.SignupOrSignInPageSteps.user_enters_email_and_password_and_clicks_on_login_button(io.cucumber.datatable.DataTable)">
                <span>When user enters Email and Password and Clicks on Login button</span>
      <div><table class='markup-table table '><tr><td>Email</td><td>Password</td></tr><tr><td>anokarao@gmail.com</td><td>test12</td></tr></table>
      </div>
      <div>
      </div>
              </div>
              <div class="step pass-bg" title="stepDef.SignupOrSignInPageSteps.Signinvalidation_should_show(java.lang.String)">
                <span>Then SigninValidation should show "Your email or password is incorrect!"</span>
      <div>
      </div>
              </div>
          </div>
        </div>
  </div>
  <div class="card">
    <div class="card-header" role="tab">
      <div class="card-title">
        <div class="node" id="50"><span class="badge log fail-bg mr-2">Fail</span>verify the signup title</div>
          <div class="status-avatar float-right mr-4">
            <i class="fa fa-paperclip"></i>
          </div>
      </div>
    </div>
        <div class="">
          <div class="card-body">
              <div class="step pass-bg" title="stepDef.HomePageSteps.navigate_to_url()">
                <span>Given Navigate to url</span>
      <div>
      </div>
              </div>
              <div class="step pass-bg" title="stepDef.HomePageSteps.user_click_on_signup_or_login_button()">
                <span>And User click on Signup or Login button</span>
      <div>
      </div>
              </div>
              <div class="step pass-bg" title="stepDef.SignupOrSignInPageSteps.user_enter_name_and_email_address_and_clicks_on_signup_button(io.cucumber.datatable.DataTable)">
                <span>When user enter name and email address and clicks on signup button</span>
      <div><table class='markup-table table '><tr><td>Name</td><td>Email</td></tr><tr><td>Anokar</td><td>anokarb1996@gmail.com</td></tr></table>
      </div>
      <div>
      </div>
              </div>
              <div class="step fail-bg" title="stepDef.HomePageSteps.page_title_should_be(java.lang.String)">
                <span>Then page title should be "Automation Exercise - Signup"</span>
      <div>
        <textarea disabled class="code-block">org.junit.ComparisonFailure: expected:<...on Exercise - Signup[ / Login]> but was:<...on Exercise - Signup[]>
	at org.junit.Assert.assertEquals(Assert.java:117)
	at org.junit.Assert.assertEquals(Assert.java:146)
	at stepDef.HomePageSteps.page_title_should_be(HomePageSteps.java:35)
	at ?.page title should be "Automation Exercise - Signup"(file:///C:/Users/anoka/eclipse-workspace/cuucmbertrainingSession202305/src/test/resources/AppFeatures/SignupOrSignInPage.feature:23)
</textarea>
      
      </div>
              </div>
              <div class="step pass-bg" title="AFTER">
                <span>AppHooks.Hooks.tearDown(io.cucumber.java.Scenario)</span>
      <div>verify_the_signup_title
          <div class="row mb-3"><div class="col-md-3">
<img data-featherlight='../embedded2.png' src="../embedded2.png">
    
    </div></div>
</div>
      <div>
      </div>
              </div>
          </div>
        </div>
  </div>
  <div class="card">
    <div class="card-header" role="tab">
      <div class="card-title">
        <div class="node" id="67"><span class="badge log pass-bg mr-2">Pass</span>Register user with existing email</div>
      </div>
    </div>
        <div class="collapse">
          <div class="card-body">
              <div class="step pass-bg" title="stepDef.HomePageSteps.navigate_to_url()">
                <span>Given Navigate to url</span>
      <div>
      </div>
              </div>
              <div class="step pass-bg" title="stepDef.HomePageSteps.user_click_on_signup_or_login_button()">
                <span>And User click on Signup or Login button</span>
      <div>
      </div>
              </div>
              <div class="step pass-bg" title="stepDef.SignupOrSignInPageSteps.user_enter_name_and_email_address_and_clicks_on_signup_button(io.cucumber.datatable.DataTable)">
                <span>Given user enter name and email address and clicks on signup button</span>
      <div><table class='markup-table table '><tr><td>Name</td><td>Email</td></tr><tr><td>Anokar</td><td>anokarao@gmail.com</td></tr></table>
      </div>
      <div>
      </div>
              </div>
              <div class="step pass-bg" title="stepDef.SignupOrSignInPageSteps.Signupvalidation_should_show(java.lang.String)">
                <span>Then Signupvalidation should show "Email Address already exist!"</span>
      <div>
      </div>
              </div>
          </div>
        </div>
  </div>
</div>
          </div>
        </li>
        <li class="test-item"  status="fail" test-id="3"
          author=""
          tag=""
          device="">
          <div class="test-detail">
            <p class="name">Registration page</p>
            <p class="text-sm">
              <span>8:10:12 am</span> / <span>00:00:34:929</span>
              <span class="badge fail-bg log float-right">Fail</span>
            </p>
          </div>
          <div class="test-contents d-none">
<div class="detail-head">
<div class="p-v-10">
<div class="info">
<h5 class="test-status text-fail">Registration page</h5>
<span class='badge badge-success'>05.29.2023 8:10:12 am</span>
<span class='badge badge-danger'>05.29.2023 8:10:47 am</span>
<span class='badge badge-default'>00:00:34:929</span>
&middot; <span class='uri-anchor badge badge-default'>#test-id=3</span>
<span class='badge badge-default pointer float-right ml-1 et'><i class="fa fa-chevron-down"></i></span>
<span class='badge badge-default pointer float-right ct'><i class="fa fa-chevron-up"></i></span>
</div>
<div class="m-t-10 m-l-5"></div>
</div>
</div>
<div class="accordion mt-4">
  <div class="card">
    <div class="card-header" role="tab">
      <div class="card-title">
        <div class="node" id="4"><span class="badge log fail-bg mr-2">Fail</span>enter Account information</div>
          <div class="status-avatar float-right mr-4">
            <i class="fa fa-paperclip"></i>
          </div>
      </div>
    </div>
        <div class="">
          <div class="card-body">
              <div class="step pass-bg" title="stepDef.HomePageSteps.navigate_to_url()">
                <span>Given Navigate to url</span>
      <div>
      </div>
              </div>
              <div class="step pass-bg" title="stepDef.HomePageSteps.user_click_on_signup_or_login_button()">
                <span>And User click on Signup or Login button</span>
      <div>
      </div>
              </div>
              <div class="step pass-bg" title="stepDef.SignupOrSignInPageSteps.user_enter_name_and_email_address_and_clicks_on_signup_button(io.cucumber.datatable.DataTable)">
                <span>And user enter name and email address and clicks on signup button</span>
      <div><table class='markup-table table '><tr><td>Name</td><td>Email</td></tr><tr><td>Anokar</td><td>anokarb1996@gmail.com</td></tr></table>
      </div>
      <div>
      </div>
              </div>
              <div class="step fail-bg" title="stepDef.RegistrationPageSteps.user_enters_acc_info_and_clicks_on_create_account_button(io.cucumber.datatable.DataTable)">
                <span>When user enters Acc info and clicks on create account button</span>
      <div><table class='markup-table table '><tr><td>Title</td><td>Name</td><td>Password</td><td>DOB</td><td>newsLetter</td><td>splOffers</td><td>FirstName</td><td>LastName</td><td>Company</td><td>Address</td><td>Address2</td><td>Country</td><td>State</td><td>City</td><td>Zipcode</td><td>mobile</td></tr><tr><td>Mr.</td><td>test</td><td>test@1234</td><td>8-7-1994</td><td>Y</td><td>Y</td><td>test</td><td>qa</td><td>cap</td><td>jharsa</td><td>gurgaon</td><td>India</td><td>Haryana</td><td>gurgaon</td><td>122003</td><td>9876543210</td></tr></table>
      </div>
      <div>
        <textarea disabled class="code-block">org.openqa.selenium.NoSuchElementException: no such element: Unable to locate element: {"method":"xpath","selector":"//input[@id='id_gender1']"}
  (Session info: chrome=113.0.5672.127)
For documentation on this error, please visit: https://selenium.dev/exceptions/#no_such_element
Build info: version: '4.9.1', revision: 'eb2032df7f'
System info: os.name: 'Windows 11', os.arch: 'amd64', os.version: '10.0', java.version: '17.0.7'
Driver info: org.openqa.selenium.chrome.ChromeDriver
Command: [7cabe9a707a32d11aa0a43a02b732108, findElement {using=xpath, value=//input[@id='id_gender1']}]
Capabilities {acceptInsecureCerts: false, browserName: chrome, browserVersion: 113.0.5672.127, chrome: {chromedriverVersion: 113.0.5672.63 (0e1a4471d5ae..., userDataDir: C:\Users\anoka\AppData\Loca...}, goog:chromeOptions: {debuggerAddress: localhost:61389}, networkConnectionEnabled: false, pageLoadStrategy: normal, platformName: windows, proxy: Proxy(), se:cdp: ws://localhost:61389/devtoo..., se:cdpVersion: 113.0.5672.127, setWindowRect: true, strictFileInteractability: false, timeouts: {implicit: 0, pageLoad: 300000, script: 30000}, unhandledPromptBehavior: dismiss and notify, webauthn:extension:credBlob: true, webauthn:extension:largeBlob: true, webauthn:extension:minPinLength: true, webauthn:extension:prf: true, webauthn:virtualAuthenticators: true}
Session ID: 7cabe9a707a32d11aa0a43a02b732108
	at java.base/jdk.internal.reflect.NativeConstructorAccessorImpl.newInstance0(Native Method)
	at java.base/jdk.internal.reflect.NativeConstructorAccessorImpl.newInstance(NativeConstructorAccessorImpl.java:77)
	at java.base/jdk.internal.reflect.DelegatingConstructorAccessorImpl.newInstance(DelegatingConstructorAccessorImpl.java:45)
	at java.base/java.lang.reflect.Constructor.newInstanceWithCaller(Constructor.java:499)
	at java.base/java.lang.reflect.Constructor.newInstance(Constructor.java:480)
	at org.openqa.selenium.remote.codec.w3c.W3CHttpResponseCodec.createException(W3CHttpResponseCodec.java:200)
	at org.openqa.selenium.remote.codec.w3c.W3CHttpResponseCodec.decode(W3CHttpResponseCodec.java:133)
	at org.openqa.selenium.remote.codec.w3c.W3CHttpResponseCodec.decode(W3CHttpResponseCodec.java:53)
	at org.openqa.selenium.remote.HttpCommandExecutor.execute(HttpCommandExecutor.java:193)
	at org.openqa.selenium.remote.service.DriverCommandExecutor.invokeExecute(DriverCommandExecutor.java:183)
	at org.openqa.selenium.remote.service.DriverCommandExecutor.execute(DriverCommandExecutor.java:158)
	at org.openqa.selenium.remote.RemoteWebDriver.execute(RemoteWebDriver.java:543)
	at org.openqa.selenium.remote.ElementLocation$ElementFinder$2.findElement(ElementLocation.java:162)
	at org.openqa.selenium.remote.ElementLocation.findElement(ElementLocation.java:60)
	at org.openqa.selenium.remote.RemoteWebDriver.findElement(RemoteWebDriver.java:352)
	at org.openqa.selenium.remote.RemoteWebDriver.findElement(RemoteWebDriver.java:344)
	at com.pages.RegistrationPage.selectTitleRadio(RegistrationPage.java:42)
	at com.pages.RegistrationPage.CreateAccount(RegistrationPage.java:128)
	at stepDef.RegistrationPageSteps.user_enters_acc_info_and_clicks_on_create_account_button(RegistrationPageSteps.java:45)
	at ?.user enters Acc info and clicks on create account button(file:///C:/Users/anoka/eclipse-workspace/cuucmbertrainingSession202305/src/test/resources/AppFeatures/RegistrationPage.feature:11)
</textarea>
      
      </div>
              </div>
              <div class="step skip-bg" title="stepDef.HomePageSteps.page_title_should_be(java.lang.String)">
                <span>And page title should be "Automation Exercise - Account Created"</span>
      <div>Step skipped
      </div>
              </div>
              <div class="step skip-bg" title="stepDef.RegistrationPageSteps.message_should_be(java.lang.String)">
                <span>And message should be "ACCOUNT CREATED!"</span>
      <div>Step skipped
      </div>
              </div>
              <div class="step skip-bg" title="stepDef.RegistrationPageSteps.clicks_on_continue_button()">
                <span>And clicks on continue button</span>
      <div>Step skipped
      </div>
              </div>
              <div class="step skip-bg" title="stepDef.SignupOrSignInPageSteps.screen_should_show(java.lang.String)">
                <span>Then screen should show "Logged in as test"</span>
      <div>Step skipped
      </div>
              </div>
              <div class="step skip-bg" title="stepDef.HomePageSteps.clicks_on_delete_account()">
                <span>Then clicks on Delete Account</span>
      <div>Step skipped
      </div>
              </div>
              <div class="step skip-bg" title="stepDef.HomePageSteps.delete_account_message_should_show(java.lang.String)">
                <span>Then Delete account message should show "ACCOUNT DELETED!"</span>
      <div>Step skipped
      </div>
              </div>
              <div class="step pass-bg" title="AFTER">
                <span>AppHooks.Hooks.tearDown(io.cucumber.java.Scenario)</span>
      <div>enter_Account_information
          <div class="row mb-3"><div class="col-md-3">
<img data-featherlight='../embedded1.png' src="../embedded1.png">
    
    </div></div>
</div>
      <div>
      </div>
              </div>
          </div>
        </div>
  </div>
</div>
          </div>
        </li>
        <li class="test-item"  status="fail" test-id="5"
          author=""
          tag=""
          device="">
          <div class="test-detail">
            <p class="name">Home page</p>
            <p class="text-sm">
              <span>8:10:12 am</span> / <span>00:01:28:153</span>
              <span class="badge fail-bg log float-right">Fail</span>
            </p>
          </div>
          <div class="test-contents d-none">
<div class="detail-head">
<div class="p-v-10">
<div class="info">
<h5 class="test-status text-fail">Home page</h5>
<span class='badge badge-success'>05.29.2023 8:10:12 am</span>
<span class='badge badge-danger'>05.29.2023 8:11:40 am</span>
<span class='badge badge-default'>00:01:28:153</span>
&middot; <span class='uri-anchor badge badge-default'>#test-id=5</span>
<span class='badge badge-default pointer float-right ml-1 et'><i class="fa fa-chevron-down"></i></span>
<span class='badge badge-default pointer float-right ct'><i class="fa fa-chevron-up"></i></span>
</div>
<div class="m-t-10 m-l-5"></div>
</div>
</div>
<div class="accordion mt-4">
  <div class="card">
    <div class="card-header" role="tab">
      <div class="card-title">
        <div class="node" id="6"><span class="badge log pass-bg mr-2">Pass</span>verify the page title</div>
      </div>
    </div>
        <div class="collapse">
          <div class="card-body">
              <div class="step pass-bg" title="stepDef.HomePageSteps.navigate_to_url()">
                <span>Given Navigate to url</span>
      <div>
      </div>
              </div>
              <div class="step pass-bg" title="stepDef.HomePageSteps.page_title_should_be(java.lang.String)">
                <span>Then page title should be "Automation Exercise"</span>
      <div>
      </div>
              </div>
          </div>
        </div>
  </div>
  <div class="card">
    <div class="card-header" role="tab">
      <div class="card-title">
        <div class="node" id="30"><span class="badge log pass-bg mr-2">Pass</span>verify the Signup or Login button</div>
      </div>
    </div>
        <div class="collapse">
          <div class="card-body">
              <div class="step pass-bg" title="stepDef.HomePageSteps.navigate_to_url()">
                <span>Given Navigate to url</span>
      <div>
      </div>
              </div>
              <div class="step pass-bg" title="stepDef.HomePageSteps.user_click_on_signup_or_login_button()">
                <span>When User click on Signup or Login button</span>
      <div>
      </div>
              </div>
              <div class="step pass-bg" title="stepDef.HomePageSteps.page_title_should_be(java.lang.String)">
                <span>Then page title should be "Automation Exercise - Signup / Login"</span>
      <div>
      </div>
              </div>
          </div>
        </div>
  </div>
  <div class="card">
    <div class="card-header" role="tab">
      <div class="card-title">
        <div class="node" id="57"><span class="badge log pass-bg mr-2">Pass</span>verify the testcases button</div>
      </div>
    </div>
        <div class="collapse">
          <div class="card-body">
              <div class="step pass-bg" title="stepDef.HomePageSteps.navigate_to_url()">
                <span>Given Navigate to url</span>
      <div>
      </div>
              </div>
              <div class="step pass-bg" title="stepDef.HomePageSteps.user_clicks_on_test_cases_button()">
                <span>When user clicks on Test cases button</span>
      <div>
      </div>
              </div>
              <div class="step pass-bg" title="stepDef.HomePageSteps.page_title_should_be(java.lang.String)">
                <span>Then page title should be "Automation Practice Website for UI Testing - Test Cases"</span>
      <div>
      </div>
              </div>
          </div>
        </div>
  </div>
  <div class="card">
    <div class="card-header" role="tab">
      <div class="card-title">
        <div class="node" id="73"><span class="badge log fail-bg mr-2">Fail</span>verify Delete Account button</div>
          <div class="status-avatar float-right mr-4">
            <i class="fa fa-paperclip"></i>
          </div>
      </div>
    </div>
        <div class="">
          <div class="card-body">
              <div class="step pass-bg" title="stepDef.HomePageSteps.navigate_to_url()">
                <span>Given Navigate to url</span>
      <div>
      </div>
              </div>
              <div class="step pass-bg" title="stepDef.HomePageSteps.user_click_on_signup_or_login_button()">
                <span>When User click on Signup or Login button</span>
      <div>
      </div>
              </div>
              <div class="step pass-bg" title="stepDef.SignupOrSignInPageSteps.user_enter_name_and_email_address_and_clicks_on_signup_button(io.cucumber.datatable.DataTable)">
                <span>And user enter name and email address and clicks on signup button</span>
      <div><table class='markup-table table '><tr><td>Name</td><td>Email</td></tr><tr><td>Anokar</td><td>anokarb1996@gmail.com</td></tr></table>
      </div>
      <div>
      </div>
              </div>
              <div class="step fail-bg" title="stepDef.RegistrationPageSteps.user_enters_acc_info_and_clicks_on_create_account_button(io.cucumber.datatable.DataTable)">
                <span>When user enters Acc info and clicks on create account button</span>
      <div><table class='markup-table table '><tr><td>Title</td><td>Name</td><td>Password</td><td>DOB</td><td>newsLetter</td><td>splOffers</td><td>FirstName</td><td>LastName</td><td>Company</td><td>Address</td><td>Address2</td><td>Country</td><td>State</td><td>City</td><td>Zipcode</td><td>mobile</td></tr><tr><td>Mr.</td><td>test</td><td>test@1234</td><td>8-7-1994</td><td>Y</td><td>Y</td><td>test</td><td>qa</td><td>cap</td><td>jharsa</td><td>gurgaon</td><td>India</td><td>Haryana</td><td>gurgaon</td><td>122003</td><td>9876543210</td></tr></table>
      </div>
      <div>
        <textarea disabled class="code-block">org.openqa.selenium.NoSuchElementException: no such element: Unable to locate element: {"method":"xpath","selector":"//input[@id='id_gender1']"}
  (Session info: chrome=113.0.5672.127)
For documentation on this error, please visit: https://selenium.dev/exceptions/#no_such_element
Build info: version: '4.9.1', revision: 'eb2032df7f'
System info: os.name: 'Windows 11', os.arch: 'amd64', os.version: '10.0', java.version: '17.0.7'
Driver info: org.openqa.selenium.chrome.ChromeDriver
Command: [3e7d6b307090002517aaabe66cf2ce38, findElement {using=xpath, value=//input[@id='id_gender1']}]
Capabilities {acceptInsecureCerts: false, browserName: chrome, browserVersion: 113.0.5672.127, chrome: {chromedriverVersion: 113.0.5672.63 (0e1a4471d5ae..., userDataDir: C:\Users\anoka\AppData\Loca...}, goog:chromeOptions: {debuggerAddress: localhost:61806}, networkConnectionEnabled: false, pageLoadStrategy: normal, platformName: windows, proxy: Proxy(), se:cdp: ws://localhost:61806/devtoo..., se:cdpVersion: 113.0.5672.127, setWindowRect: true, strictFileInteractability: false, timeouts: {implicit: 0, pageLoad: 300000, script: 30000}, unhandledPromptBehavior: dismiss and notify, webauthn:extension:credBlob: true, webauthn:extension:largeBlob: true, webauthn:extension:minPinLength: true, webauthn:extension:prf: true, webauthn:virtualAuthenticators: true}
Session ID: 3e7d6b307090002517aaabe66cf2ce38
	at java.base/jdk.internal.reflect.NativeConstructorAccessorImpl.newInstance0(Native Method)
	at java.base/jdk.internal.reflect.NativeConstructorAccessorImpl.newInstance(NativeConstructorAccessorImpl.java:77)
	at java.base/jdk.internal.reflect.DelegatingConstructorAccessorImpl.newInstance(DelegatingConstructorAccessorImpl.java:45)
	at java.base/java.lang.reflect.Constructor.newInstanceWithCaller(Constructor.java:499)
	at java.base/java.lang.reflect.Constructor.newInstance(Constructor.java:480)
	at org.openqa.selenium.remote.codec.w3c.W3CHttpResponseCodec.createException(W3CHttpResponseCodec.java:200)
	at org.openqa.selenium.remote.codec.w3c.W3CHttpResponseCodec.decode(W3CHttpResponseCodec.java:133)
	at org.openqa.selenium.remote.codec.w3c.W3CHttpResponseCodec.decode(W3CHttpResponseCodec.java:53)
	at org.openqa.selenium.remote.HttpCommandExecutor.execute(HttpCommandExecutor.java:193)
	at org.openqa.selenium.remote.service.DriverCommandExecutor.invokeExecute(DriverCommandExecutor.java:183)
	at org.openqa.selenium.remote.service.DriverCommandExecutor.execute(DriverCommandExecutor.java:158)
	at org.openqa.selenium.remote.RemoteWebDriver.execute(RemoteWebDriver.java:543)
	at org.openqa.selenium.remote.ElementLocation$ElementFinder$2.findElement(ElementLocation.java:162)
	at org.openqa.selenium.remote.ElementLocation.findElement(ElementLocation.java:60)
	at org.openqa.selenium.remote.RemoteWebDriver.findElement(RemoteWebDriver.java:352)
	at org.openqa.selenium.remote.RemoteWebDriver.findElement(RemoteWebDriver.java:344)
	at com.pages.RegistrationPage.selectTitleRadio(RegistrationPage.java:42)
	at com.pages.RegistrationPage.CreateAccount(RegistrationPage.java:128)
	at stepDef.RegistrationPageSteps.user_enters_acc_info_and_clicks_on_create_account_button(RegistrationPageSteps.java:45)
	at ?.user enters Acc info and clicks on create account button(file:///C:/Users/anoka/eclipse-workspace/cuucmbertrainingSession202305/src/test/resources/AppFeatures/HomePage.feature:21)
</textarea>
      
      </div>
              </div>
              <div class="step skip-bg" title="stepDef.HomePageSteps.page_title_should_be(java.lang.String)">
                <span>And page title should be "Automation Exercise - Account Created"</span>
      <div>Step skipped
      </div>
              </div>
              <div class="step skip-bg" title="stepDef.RegistrationPageSteps.message_should_be(java.lang.String)">
                <span>And message should be "ACCOUNT CREATED!"</span>
      <div>Step skipped
      </div>
              </div>
              <div class="step skip-bg" title="stepDef.RegistrationPageSteps.clicks_on_continue_button()">
                <span>And clicks on continue button</span>
      <div>Step skipped
      </div>
              </div>
              <div class="step skip-bg" title="stepDef.SignupOrSignInPageSteps.screen_should_show(java.lang.String)">
                <span>Then screen should show "Logged in as test"</span>
      <div>Step skipped
      </div>
              </div>
              <div class="step skip-bg" title="stepDef.HomePageSteps.clicks_on_delete_account()">
                <span>Then clicks on Delete Account</span>
      <div>Step skipped
      </div>
              </div>
              <div class="step skip-bg" title="stepDef.HomePageSteps.delete_account_message_should_show(java.lang.String)">
                <span>Then Delete account message should show "ACCOUNT DELETED!"</span>
      <div>Step skipped
      </div>
              </div>
              <div class="step pass-bg" title="AFTER">
                <span>AppHooks.Hooks.tearDown(io.cucumber.java.Scenario)</span>
      <div>verify_Delete_Account_button
          <div class="row mb-3"><div class="col-md-3">
<img data-featherlight='../embedded3.png' src="../embedded3.png">
    
    </div></div>
</div>
      <div>
      </div>
              </div>
          </div>
        </div>
  </div>
</div>
          </div>
        </li>
      </ul>
    </div>
  </div>
<div class="test-content scrollable">
<div class="test-content-tools">
<ul><li><a class="back-to-test" href="#"><i class="fa fa-arrow-left"></i></a></li></ul>
</div>
<div class="test-content-detail"><div class="detail-body"></div></div>
</div></div>
<div class="test-wrapper row view exception-view attributes-view">
<div class="test-list">
<div class="test-list-tools">
<ul class="tools pull-left"><li><a href=""><span class="font-size-14">Exception</span></a></li></ul>
<ul class="tools text-right"><li><a href="#"><span class="badge badge-primary">2</span></a></li></ul>
</div>
<div class="test-list-wrapper scrollable">
<ul class="test-list-item">
<li class="test-item">
<div class="test-detail">
<span class="meta">
<span class='badge log badge-danger'>1</span>
</span>
<p class="name">org.junit.ComparisonFailure</p>
<p class="duration text-sm">1 tests</p>
</div>
<div class="test-contents d-none">
<div class="info">
<h4>org.junit.ComparisonFailure</h4>
<span status="fail" class='badge log badge-danger'>1 failed</span>
</div>
<table class='table table-sm mt-4'>
<thead>
<tr>
<th class="status-col">Status</th>
<th class="timestamp-col">Timestamp</th>
<th>TestName</th>
</tr>
</thead>
<tbody>
<tr class="tag-test-status" status="fail">
<td><span class="badge log fail-bg">Fail</span></td>
<td>08:10:59 am</td>
<td>
<a href="#" class="linked" test-id='1' id='62'>Then page title should be "Automation Exercise - Signup"</a>
<div class="">
<span class="badge badge-default">Login/signup Page Feature.verify the signup title.Then page title should be "Automation Exercise - Signup"</span>
</div>
</td>
</tr>
</tbody>
</table>
</div>
</li>
<li class="test-item">
<div class="test-detail">
<span class="meta">
<span class='badge log badge-danger'>2</span>
</span>
<p class="name">org.openqa.selenium.NoSuchElementException</p>
<p class="duration text-sm">2 tests</p>
</div>
<div class="test-contents d-none">
<div class="info">
<h4>org.openqa.selenium.NoSuchElementException</h4>
<span status="fail" class='badge log badge-danger'>2 failed</span>
</div>
<table class='table table-sm mt-4'>
<thead>
<tr>
<th class="status-col">Status</th>
<th class="timestamp-col">Timestamp</th>
<th>TestName</th>
</tr>
</thead>
<tbody>
<tr class="tag-test-status" status="fail">
<td><span class="badge log fail-bg">Fail</span></td>
<td>08:10:31 am</td>
<td>
<a href="#" class="linked" test-id='3' id='21'>When user enters Acc info and clicks on create account button</a>
<div class="">
<span class="badge badge-default">Registration page.enter Account information.When user enters Acc info and clicks on create account button</span>
</div>
</td>
</tr>
<tr class="tag-test-status" status="fail">
<td><span class="badge log fail-bg">Fail</span></td>
<td>08:11:25 am</td>
<td>
<a href="#" class="linked" test-id='5' id='84'>When user enters Acc info and clicks on create account button</a>
<div class="">
<span class="badge badge-default">Home page.verify Delete Account button.When user enters Acc info and clicks on create account button</span>
</div>
</td>
</tr>
</tbody>
</table>
</div>
</li>
</ul>
</div>
</div>
<div class="test-content scrollable">
<div class="test-content-detail">
<div class="detail-body"></div>
</div>
</div>
</div>        </div>
      </div>
    </div>
  </div>
<script src="https://cdn.jsdelivr.net/gh/extent-framework/extent-github-cdn@d6562a79075e061305ccfdb82f01e5e195e2d307/spark/js/spark-script.js"></script>
<script type="text/javascript"></script></body>
</html>